This is pdfTeX, Version 3.14159265-2.6-1.40.17 (TeX Live 2016) (preloaded format=pdflatex 2018.2.1)  2 FEB 2018 11:38
entering extended mode
 restricted \write18 enabled.
 %&-line parsing enabled.
**main.tex
(./main.tex
LaTeX2e <2016/03/31>
Babel <3.9r> and hyphenation patterns for 3 language(s) loaded.
(./res.cls
Document Style `res' <26 Sep 89>.
Document Class: res 2000/05/19 v1.4b Resume class
(/usr/share/texlive/texmf-dist/tex/latex/base/article.cls
Document Class: article 2014/09/29 v1.4h Standard LaTeX document class
(/usr/share/texlive/texmf-dist/tex/latex/base/size10.clo
File: size10.clo 2014/09/29 v1.4h Standard LaTeX file (size option)
)
\c@part=\count79
\c@section=\count80
\c@subsection=\count81
\c@subsubsection=\count82
\c@paragraph=\count83
\c@subparagraph=\count84
\c@figure=\count85
\c@table=\count86
\abovecaptionskip=\skip41
\belowcaptionskip=\skip42
\bibindent=\dimen102
)
No auxiliary output files.

\tabular@text=\toks14
\tabular@head=\toks15
\tabular@tail=\toks16
\@ta=\toks17
\undefined@token=\toks18
\sectionwidth=\dimen103
\sectionskip=\skip43
\resumewidth=\dimen104
\@columnwidth=\dimen105
\c@numberofcolumns=\count87
) (/usr/share/texlive/texmf-dist/tex/latex/psnfss/helvet.sty
Package: helvet 2005/04/12 PSNFSS-v9.2a (WaS) 

(/usr/share/texlive/texmf-dist/tex/latex/graphics/keyval.sty
Package: keyval 2014/10/28 v1.15 key=value parser (DPC)
\KV@toks@=\toks19
))
(/usr/share/texlive/texmf-dist/tex/latex/pdfpages/pdfpages.sty
Package: pdfpages 2016/04/19 v0.5f Insert pages of external PDF documents (AM)

(/usr/share/texlive/texmf-dist/tex/latex/base/ifthen.sty
Package: ifthen 2014/09/29 v1.1c Standard LaTeX ifthen package (DPC)
)
(/usr/share/texlive/texmf-dist/tex/latex/tools/calc.sty
Package: calc 2014/10/28 v4.3 Infix arithmetic (KKT,FJ)
\calc@Acount=\count88
\calc@Bcount=\count89
\calc@Adimen=\dimen106
\calc@Bdimen=\dimen107
\calc@Askip=\skip44
\calc@Bskip=\skip45
LaTeX Info: Redefining \setlength on input line 80.
LaTeX Info: Redefining \addtolength on input line 81.
\calc@Ccount=\count90
\calc@Cskip=\skip46
)
(/usr/share/texlive/texmf-dist/tex/latex/eso-pic/eso-pic.sty
Package: eso-pic 2015/07/21 v2.0g eso-pic (RN)

(/usr/share/texlive/texmf-dist/tex/generic/oberdiek/atbegshi.sty
Package: atbegshi 2016/06/09 v1.18 At begin shipout hook (HO)

(/usr/share/texlive/texmf-dist/tex/generic/oberdiek/infwarerr.sty
Package: infwarerr 2016/05/16 v1.4 Providing info/warning/error messages (HO)
)
(/usr/share/texlive/texmf-dist/tex/generic/oberdiek/ltxcmds.sty
Package: ltxcmds 2016/05/16 v1.23 LaTeX kernel commands for general use (HO)
)
(/usr/share/texlive/texmf-dist/tex/generic/oberdiek/ifpdf.sty
Package: ifpdf 2016/05/14 v3.1 Provides the ifpdf switch
))
(/usr/share/texlive/texmf-dist/tex/latex/xcolor/xcolor.sty
Package: xcolor 2016/05/11 v2.12 LaTeX color extensions (UK)

(/usr/share/texlive/texmf-dist/tex/latex/graphics-cfg/color.cfg
File: color.cfg 2016/01/02 v1.6 sample color configuration
)
Package xcolor Info: Driver file: pdftex.def on input line 225.

(/usr/share/texlive/texmf-dist/tex/latex/graphics-def/pdftex.def
File: pdftex.def 2016/07/10 v0.06j Graphics/color for pdfTeX
\Gread@gobject=\count91
)
Package xcolor Info: Model `cmy' substituted by `cmy0' on input line 1348.
Package xcolor Info: Model `hsb' substituted by `rgb' on input line 1352.
Package xcolor Info: Model `RGB' extended on input line 1364.
Package xcolor Info: Model `HTML' substituted by `rgb' on input line 1366.
Package xcolor Info: Model `Hsb' substituted by `hsb' on input line 1367.
Package xcolor Info: Model `tHsb' substituted by `hsb' on input line 1368.
Package xcolor Info: Model `HSB' substituted by `hsb' on input line 1369.
Package xcolor Info: Model `Gray' substituted by `gray' on input line 1370.
Package xcolor Info: Model `wave' substituted by `hsb' on input line 1371.
))
(/usr/share/texlive/texmf-dist/tex/latex/graphics/graphicx.sty
Package: graphicx 2014/10/28 v1.0g Enhanced LaTeX Graphics (DPC,SPQR)

(/usr/share/texlive/texmf-dist/tex/latex/graphics/graphics.sty
Package: graphics 2016/05/09 v1.0r Standard LaTeX Graphics (DPC,SPQR)

(/usr/share/texlive/texmf-dist/tex/latex/graphics/trig.sty
Package: trig 2016/01/03 v1.10 sin cos tan (DPC)
)
(/usr/share/texlive/texmf-dist/tex/latex/graphics-cfg/graphics.cfg
File: graphics.cfg 2016/01/02 v1.10 sample graphics configuration
)
Package graphics Info: Driver file: pdftex.def on input line 96.
)
\Gin@req@height=\dimen108
\Gin@req@width=\dimen109
)
\AM@pagewidth=\dimen110
\AM@pageheight=\dimen111

(/usr/share/texlive/texmf-dist/tex/latex/pdfpages/pppdftex.def
File: pppdftex.def 2016/04/19 v0.5f Pdfpages driver for pdfTeX (AM)
)
\AM@pagebox=\box26
\AM@global@opts=\toks20
\AM@toc@title=\toks21
\c@AM@survey=\count92
\AM@templatesizebox=\box27
)

LaTeX Warning: Unused global option(s):
    [10pt].

(./main.aux)
LaTeX Font Info:    Checking defaults for OML/cmm/m/it on input line 33.
LaTeX Font Info:    ... okay on input line 33.
LaTeX Font Info:    Checking defaults for T1/cmr/m/n on input line 33.
LaTeX Font Info:    ... okay on input line 33.
LaTeX Font Info:    Checking defaults for OT1/cmr/m/n on input line 33.
LaTeX Font Info:    ... okay on input line 33.
LaTeX Font Info:    Checking defaults for OMS/cmsy/m/n on input line 33.
LaTeX Font Info:    ... okay on input line 33.
LaTeX Font Info:    Checking defaults for OMX/cmex/m/n on input line 33.
LaTeX Font Info:    ... okay on input line 33.
LaTeX Font Info:    Checking defaults for U/cmr/m/n on input line 33.
LaTeX Font Info:    ... okay on input line 33.
\AtBeginShipoutBox=\box28
 (/usr/share/texlive/texmf-dist/tex/context/base/mkii/supp-pdf.mkii
[Loading MPS to PDF converter (version 2006.09.02).]
\scratchcounter=\count93
\scratchdimen=\dimen112
\scratchbox=\box29
\nofMPsegments=\count94
\nofMParguments=\count95
\everyMPshowfont=\toks22
\MPscratchCnt=\count96
\MPscratchDim=\dimen113
\MPnumerator=\count97
\makeMPintoPDFobject=\count98
\everyMPtoPDFconversion=\toks23
) (/usr/share/texlive/texmf-dist/tex/generic/oberdiek/pdftexcmds.sty
Package: pdftexcmds 2016/05/21 v0.22 Utility functions of pdfTeX for LuaTeX (HO
)

(/usr/share/texlive/texmf-dist/tex/generic/oberdiek/ifluatex.sty
Package: ifluatex 2016/05/16 v1.4 Provides the ifluatex switch (HO)
Package ifluatex Info: LuaTeX not detected.
)
Package pdftexcmds Info: LuaTeX not detected.
Package pdftexcmds Info: \pdf@primitive is available.
Package pdftexcmds Info: \pdf@ifprimitive is available.
Package pdftexcmds Info: \pdfdraftmode found.
)
(/usr/share/texlive/texmf-dist/tex/latex/oberdiek/epstopdf-base.sty
Package: epstopdf-base 2016/05/15 v2.6 Base part for package epstopdf

(/usr/share/texlive/texmf-dist/tex/latex/oberdiek/grfext.sty
Package: grfext 2016/05/16 v1.2 Manage graphics extensions (HO)

(/usr/share/texlive/texmf-dist/tex/generic/oberdiek/kvdefinekeys.sty
Package: kvdefinekeys 2016/05/16 v1.4 Define keys (HO)
))
(/usr/share/texlive/texmf-dist/tex/latex/oberdiek/kvoptions.sty
Package: kvoptions 2016/05/16 v3.12 Key value format for package options (HO)

(/usr/share/texlive/texmf-dist/tex/generic/oberdiek/kvsetkeys.sty
Package: kvsetkeys 2016/05/16 v1.17 Key value parser (HO)

(/usr/share/texlive/texmf-dist/tex/generic/oberdiek/etexcmds.sty
Package: etexcmds 2016/05/16 v1.6 Avoid name clashes with e-TeX commands (HO)
Package etexcmds Info: Could not find \expanded.
(etexcmds)             That can mean that you are not using pdfTeX 1.50 or
(etexcmds)             that some package has redefined \expanded.
(etexcmds)             In the latter case, load this package earlier.
)))
Package epstopdf-base Info: Redefining graphics rule for `.eps' on input line 4
38.
Package grfext Info: Graphics extension search list:
(grfext)             [.png,.pdf,.jpg,.mps,.jpeg,.jbig2,.jb2,.PNG,.PDF,.JPG,.JPE
G,.JBIG2,.JB2,.eps]
(grfext)             \AppendGraphicsExtensions on input line 456.

(/usr/share/texlive/texmf-dist/tex/latex/latexconfig/epstopdf-sys.cfg
File: epstopdf-sys.cfg 2010/07/13 v1.3 Configuration of (r)epstopdf for TeX Liv
e
))
(/usr/share/texlive/texmf-dist/tex/latex/oberdiek/pdflscape.sty
Package: pdflscape 2016/05/14 v0.11 Display of landscape pages in PDF (HO)

(/usr/share/texlive/texmf-dist/tex/latex/graphics/lscape.sty
Package: lscape 2000/10/22 v3.01 Landscape Pages (DPC)
)
Package pdflscape Info: Auto-detected driver: pdftex on input line 81.

(/usr/share/texlive/texmf-dist/tex/generic/ifxetex/ifxetex.sty
Package: ifxetex 2010/09/12 v0.6 Provides ifxetex conditional
))
LaTeX Font Info:    External font `cmex10' loaded for size
(Font)              <7> on input line 50.
LaTeX Font Info:    External font `cmex10' loaded for size
(Font)              <5> on input line 50.

Underfull \hbox (badness 10000) in paragraph at lines 120--123

 []



pdfTeX warning: pdflatex (file ./grades.pdf): PDF inclusion: found PDF version 
<1.7>, but at most version <1.5> allowed
<grades.pdf, id=1, 2240.37pt x 2987.16pt>
File: grades.pdf Graphic file (type pdf)
 <use grades.pdf>
Package pdftex.def Info: grades.pdf used on input line 125.
(pdftex.def)             Requested size: 2240.36455pt x 2987.15274pt.


pdfTeX warning: pdflatex (file ./grades.pdf): PDF inclusion: found PDF version 
<1.7>, but at most version <1.5> allowed
File: grades.pdf Graphic file (type pdf)
<use grades.pdf>
Package pdftex.def Info: grades.pdf used on input line 125.
(pdftex.def)             Requested size: 2240.36455pt x 2987.15274pt.


pdfTeX warning: pdflatex (file ./grades.pdf): PDF inclusion: found PDF version 
<1.7>, but at most version <1.5> allowed


pdfTeX warning: pdflatex (file ./grades.pdf): PDF inclusion: found PDF version 
<1.7>, but at most version <1.5> allowed
<grades.pdf, id=4, page=1, 2240.37pt x 2987.16pt>
File: grades.pdf Graphic file (type pdf)
 <use grades.pdf, page 1>
Package pdftex.def Info: grades.pdf, page1 used on input line 125.
(pdftex.def)             Requested size: 2240.36455pt x 2987.15274pt.
File: grades.pdf Graphic file (type pdf)

<use grades.pdf, page 1>
Package pdftex.def Info: grades.pdf, page1 used on input line 125.
(pdftex.def)             Requested size: 596.22495pt x 794.96658pt.
 [1

{/usr/share/texlive/texmf-dist/fonts/map/pdftex/updmap/pdftex.map}]
File: grades.pdf Graphic file (type pdf)
 <use grades.pdf, page 1>
Package pdftex.def Info: grades.pdf, page1 used on input line 125.
(pdftex.def)             Requested size: 596.22495pt x 794.96658pt.
File: grades.pdf Graphic file (type pdf)
 <use grades.pdf, page 1>
Package pdftex.def Info: grades.pdf, page1 used on input line 125.
(pdftex.def)             Requested size: 596.22495pt x 794.96658pt.
File: grades.pdf Graphic file (type pdf)

<use grades.pdf, page 1>
Package pdftex.def Info: grades.pdf, page1 used on input line 125.
(pdftex.def)             Requested size: 596.22495pt x 794.96658pt.
 [2 <./grades.pdf>]

pdfTeX warning: pdflatex (file ./grades.pdf): PDF inclusion: found PDF version 
<1.7>, but at most version <1.5> allowed
<grades.pdf, id=19, page=2, 2240.37pt x 2987.16pt>
File: grades.pdf Graphic file (type pdf)
 <use grades.pdf, page 2>
Package pdftex.def Info: grades.pdf, page2 used on input line 125.
(pdftex.def)             Requested size: 596.22495pt x 794.96658pt.
File: grades.pdf Graphic file (type pdf)

<use grades.pdf, page 2>
Package pdftex.def Info: grades.pdf, page2 used on input line 125.
(pdftex.def)             Requested size: 596.22495pt x 794.96658pt.
File: grades.pdf Graphic file (type pdf)
 <use grades.pdf, page 2>
Package pdftex.def Info: grades.pdf, page2 used on input line 125.
(pdftex.def)             Requested size: 596.22495pt x 794.96658pt.
 [3 <./grades.pdf>]

pdfTeX warning: pdflatex (file ./grades.pdf): PDF inclusion: found PDF version 
<1.7>, but at most version <1.5> allowed
<grades.pdf, id=24, page=3, 2240.37pt x 2987.16pt>
File: grades.pdf Graphic file (type pdf)
 <use grades.pdf, page 3>
Package pdftex.def Info: grades.pdf, page3 used on input line 125.
(pdftex.def)             Requested size: 596.22495pt x 794.96658pt.
File: grades.pdf Graphic file (type pdf)

<use grades.pdf, page 3>
Package pdftex.def Info: grades.pdf, page3 used on input line 125.
(pdftex.def)             Requested size: 596.22495pt x 794.96658pt.
File: grades.pdf Graphic file (type pdf)
 <use grades.pdf, page 3>
Package pdftex.def Info: grades.pdf, page3 used on input line 125.
(pdftex.def)             Requested size: 596.22495pt x 794.96658pt.
 [4 <./grades.pdf>]

pdfTeX warning: pdflatex (file ./grades.pdf): PDF inclusion: found PDF version 
<1.7>, but at most version <1.5> allowed
<grades.pdf, id=29, page=4, 2240.37pt x 2987.16pt>
File: grades.pdf Graphic file (type pdf)
 <use grades.pdf, page 4>
Package pdftex.def Info: grades.pdf, page4 used on input line 125.
(pdftex.def)             Requested size: 596.22495pt x 794.96658pt.
File: grades.pdf Graphic file (type pdf)

<use grades.pdf, page 4>
Package pdftex.def Info: grades.pdf, page4 used on input line 125.
(pdftex.def)             Requested size: 596.22495pt x 794.96658pt.
File: grades.pdf Graphic file (type pdf)
 <use grades.pdf, page 4>
Package pdftex.def Info: grades.pdf, page4 used on input line 125.
(pdftex.def)             Requested size: 596.22495pt x 794.96658pt.
 [5 <./grades.pdf>]

pdfTeX warning: pdflatex (file ./grades.pdf): PDF inclusion: found PDF version 
<1.7>, but at most version <1.5> allowed
<grades.pdf, id=34, page=5, 2240.37pt x 2987.16pt>
File: grades.pdf Graphic file (type pdf)
 <use grades.pdf, page 5>
Package pdftex.def Info: grades.pdf, page5 used on input line 125.
(pdftex.def)             Requested size: 596.22495pt x 794.96658pt.
File: grades.pdf Graphic file (type pdf)

<use grades.pdf, page 5>
Package pdftex.def Info: grades.pdf, page5 used on input line 125.
(pdftex.def)             Requested size: 596.22495pt x 794.96658pt.
File: grades.pdf Graphic file (type pdf)
 <use grades.pdf, page 5>
Package pdftex.def Info: grades.pdf, page5 used on input line 125.
(pdftex.def)             Requested size: 596.22495pt x 794.96658pt.
 [6 <./grades.pdf>]

pdfTeX warning: pdflatex (file ./grades.pdf): PDF inclusion: found PDF version 
<1.7>, but at most version <1.5> allowed
<grades.pdf, id=39, page=6, 2240.37pt x 2987.16pt>
File: grades.pdf Graphic file (type pdf)
 <use grades.pdf, page 6>
Package pdftex.def Info: grades.pdf, page6 used on input line 125.
(pdftex.def)             Requested size: 596.22495pt x 794.96658pt.
File: grades.pdf Graphic file (type pdf)

<use grades.pdf, page 6>
Package pdftex.def Info: grades.pdf, page6 used on input line 125.
(pdftex.def)             Requested size: 596.22495pt x 794.96658pt.
File: grades.pdf Graphic file (type pdf)
 <use grades.pdf, page 6>
Package pdftex.def Info: grades.pdf, page6 used on input line 125.
(pdftex.def)             Requested size: 596.22495pt x 794.96658pt.
 [7 <./grades.pdf>]

pdfTeX warning: pdflatex (file ./grades.pdf): PDF inclusion: found PDF version 
<1.7>, but at most version <1.5> allowed
<grades.pdf, id=45, page=7, 2240.37pt x 2987.16pt>
File: grades.pdf Graphic file (type pdf)
 <use grades.pdf, page 7>
Package pdftex.def Info: grades.pdf, page7 used on input line 125.
(pdftex.def)             Requested size: 596.22495pt x 794.96658pt.
File: grades.pdf Graphic file (type pdf)

<use grades.pdf, page 7>
Package pdftex.def Info: grades.pdf, page7 used on input line 125.
(pdftex.def)             Requested size: 596.22495pt x 794.96658pt.
File: grades.pdf Graphic file (type pdf)
 <use grades.pdf, page 7>
Package pdftex.def Info: grades.pdf, page7 used on input line 125.
(pdftex.def)             Requested size: 596.22495pt x 794.96658pt.
 [8 <./grades.pdf>]

pdfTeX warning: pdflatex (file ./grades.pdf): PDF inclusion: found PDF version 
<1.7>, but at most version <1.5> allowed
<grades.pdf, id=50, page=8, 2240.37pt x 2987.16pt>
File: grades.pdf Graphic file (type pdf)
 <use grades.pdf, page 8>
Package pdftex.def Info: grades.pdf, page8 used on input line 125.
(pdftex.def)             Requested size: 596.22495pt x 794.96658pt.
File: grades.pdf Graphic file (type pdf)

<use grades.pdf, page 8>
Package pdftex.def Info: grades.pdf, page8 used on input line 125.
(pdftex.def)             Requested size: 596.22495pt x 794.96658pt.
File: grades.pdf Graphic file (type pdf)
 <use grades.pdf, page 8>
Package pdftex.def Info: grades.pdf, page8 used on input line 125.
(pdftex.def)             Requested size: 596.22495pt x 794.96658pt.
 [9 <./grades.pdf>]

pdfTeX warning: pdflatex (file ./grades.pdf): PDF inclusion: found PDF version 
<1.7>, but at most version <1.5> allowed
<grades.pdf, id=55, page=9, 2240.37pt x 2987.16pt>
File: grades.pdf Graphic file (type pdf)
 <use grades.pdf, page 9>
Package pdftex.def Info: grades.pdf, page9 used on input line 125.
(pdftex.def)             Requested size: 596.22495pt x 794.96658pt.
File: grades.pdf Graphic file (type pdf)

<use grades.pdf, page 9>
Package pdftex.def Info: grades.pdf, page9 used on input line 125.
(pdftex.def)             Requested size: 596.22495pt x 794.96658pt.
File: grades.pdf Graphic file (type pdf)
 <use grades.pdf, page 9>
Package pdftex.def Info: grades.pdf, page9 used on input line 125.
(pdftex.def)             Requested size: 596.22495pt x 794.96658pt.
 [10 <./grades.pdf>]

pdfTeX warning: pdflatex (file ./grades.pdf): PDF inclusion: found PDF version 
<1.7>, but at most version <1.5> allowed
<grades.pdf, id=60, page=10, 2240.37pt x 2987.16pt>
File: grades.pdf Graphic file (type pdf)
 <use grades.pdf, page 10>
Package pdftex.def Info: grades.pdf, page10 used on input line 125.
(pdftex.def)             Requested size: 596.22495pt x 794.96658pt.
File: grades.pdf Graphic file (type pdf)

<use grades.pdf, page 10>
Package pdftex.def Info: grades.pdf, page10 used on input line 125.
(pdftex.def)             Requested size: 596.22495pt x 794.96658pt.
File: grades.pdf Graphic file (type pdf)
 <use grades.pdf, page 10>
Package pdftex.def Info: grades.pdf, page10 used on input line 125.
(pdftex.def)             Requested size: 596.22495pt x 794.96658pt.
 [11 <./grades.pdf>]

pdfTeX warning: pdflatex (file ./grades.pdf): PDF inclusion: found PDF version 
<1.7>, but at most version <1.5> allowed
<grades.pdf, id=65, page=11, 2240.37pt x 2987.16pt>
File: grades.pdf Graphic file (type pdf)
 <use grades.pdf, page 11>
Package pdftex.def Info: grades.pdf, page11 used on input line 125.
(pdftex.def)             Requested size: 596.22495pt x 794.96658pt.
File: grades.pdf Graphic file (type pdf)

<use grades.pdf, page 11>
Package pdftex.def Info: grades.pdf, page11 used on input line 125.
(pdftex.def)             Requested size: 596.22495pt x 794.96658pt.
File: grades.pdf Graphic file (type pdf)
 <use grades.pdf, page 11>
Package pdftex.def Info: grades.pdf, page11 used on input line 125.
(pdftex.def)             Requested size: 596.22495pt x 794.96658pt.
 [12 <./grades.pdf>]

pdfTeX warning: pdflatex (file ./grades.pdf): PDF inclusion: found PDF version 
<1.7>, but at most version <1.5> allowed
<grades.pdf, id=70, page=12, 2240.37pt x 2987.16pt>
File: grades.pdf Graphic file (type pdf)
 <use grades.pdf, page 12>
Package pdftex.def Info: grades.pdf, page12 used on input line 125.
(pdftex.def)             Requested size: 596.22495pt x 794.96658pt.
File: grades.pdf Graphic file (type pdf)

<use grades.pdf, page 12>
Package pdftex.def Info: grades.pdf, page12 used on input line 125.
(pdftex.def)             Requested size: 596.22495pt x 794.96658pt.
File: grades.pdf Graphic file (type pdf)
 <use grades.pdf, page 12>
Package pdftex.def Info: grades.pdf, page12 used on input line 125.
(pdftex.def)             Requested size: 596.22495pt x 794.96658pt.
 [13 <./grades.pdf>]

pdfTeX warning: pdflatex (file ./grades.pdf): PDF inclusion: found PDF version 
<1.7>, but at most version <1.5> allowed
<grades.pdf, id=76, page=13, 2240.37pt x 2987.16pt>
File: grades.pdf Graphic file (type pdf)
 <use grades.pdf, page 13>
Package pdftex.def Info: grades.pdf, page13 used on input line 125.
(pdftex.def)             Requested size: 596.22495pt x 794.96658pt.
File: grades.pdf Graphic file (type pdf)

<use grades.pdf, page 13>
Package pdftex.def Info: grades.pdf, page13 used on input line 125.
(pdftex.def)             Requested size: 596.22495pt x 794.96658pt.
File: grades.pdf Graphic file (type pdf)
 <use grades.pdf, page 13>
Package pdftex.def Info: grades.pdf, page13 used on input line 125.
(pdftex.def)             Requested size: 596.22495pt x 794.96658pt.
 [14 <./grades.pdf>]

pdfTeX warning: pdflatex (file ./grades.pdf): PDF inclusion: found PDF version 
<1.7>, but at most version <1.5> allowed
<grades.pdf, id=81, page=14, 2240.37pt x 2987.16pt>
File: grades.pdf Graphic file (type pdf)
 <use grades.pdf, page 14>
Package pdftex.def Info: grades.pdf, page14 used on input line 125.
(pdftex.def)             Requested size: 596.22495pt x 794.96658pt.
File: grades.pdf Graphic file (type pdf)

<use grades.pdf, page 14>
Package pdftex.def Info: grades.pdf, page14 used on input line 125.
(pdftex.def)             Requested size: 596.22495pt x 794.96658pt.
File: grades.pdf Graphic file (type pdf)
 <use grades.pdf, page 14>
Package pdftex.def Info: grades.pdf, page14 used on input line 125.
(pdftex.def)             Requested size: 596.22495pt x 794.96658pt.
 [15 <./grades.pdf>] ) 
Here is how much of TeX's memory you used:
 2925 strings out of 494946
 42019 string characters out of 6180982
 104971 words of memory out of 5000000
 6189 multiletter control sequences out of 15000+600000
 5252 words of font info for 19 fonts, out of 8000000 for 9000
 14 hyphenation exceptions out of 8191
 40i,18n,46p,235b,448s stack positions out of 5000i,500n,10000p,200000b,80000s
</usr/share/texlive/texmf-dist/fonts/type1/public/amsfont
s/cm/cmbx10.pfb></usr/share/texlive/texmf-dist/fonts/type1/public/amsfonts/cm/c
mbx12.pfb></usr/share/texlive/texmf-dist/fonts/type1/public/amsfonts/cm/cmr10.p
fb></usr/share/texlive/texmf-dist/fonts/type1/public/amsfonts/cm/cmsl10.pfb></u
sr/share/texlive/texmf-dist/fonts/type1/public/amsfonts/cm/cmti10.pfb>
Output written on main.pdf (15 pages, 11012691 bytes).
PDF statistics:
 104 PDF objects out of 1000 (max. 8388607)
 50 compressed objects within 1 object stream
 0 named destinations out of 1000 (max. 500000)
 86 words of extra memory for PDF output out of 10000 (max. 10000000)

